c:\users\samuel\desktop\pastafn external\fn\x64\release\vc142.pdb
c:\users\samuel\desktop\pastafn external\fn\x64\release\fortnite skill.obj
c:\users\samuel\desktop\pastafn external\fn\x64\release\imgui_widgets.obj
c:\users\samuel\desktop\pastafn external\fn\x64\release\imgui_impl_win32.obj
c:\users\samuel\desktop\pastafn external\fn\x64\release\imgui_impl_dx9.obj
c:\users\samuel\desktop\pastafn external\fn\x64\release\imgui_draw.obj
c:\users\samuel\desktop\pastafn external\fn\x64\release\imgui.obj
c:\users\samuel\desktop\pastafn external\x64\release\pastafn neutron paste.exe
c:\users\samuel\desktop\pastafn external\x64\release\pastafn neutron paste.ipdb
c:\users\samuel\desktop\pastafn external\x64\release\pastafn neutron paste.iobj
c:\users\roka le plus moche\downloads\external_fixed\pastafn external\fn\x64\release\fortnite skill.obj
c:\users\roka le plus moche\downloads\external_fixed\pastafn external\fn\x64\release\imgui.obj
c:\users\roka le plus moche\downloads\external_fixed\pastafn external\fn\x64\release\imgui_draw.obj
c:\users\roka le plus moche\downloads\external_fixed\pastafn external\fn\x64\release\imgui_impl_dx9.obj
c:\users\roka le plus moche\downloads\external_fixed\pastafn external\fn\x64\release\imgui_impl_win32.obj
c:\users\roka le plus moche\downloads\external_fixed\pastafn external\fn\x64\release\imgui_widgets.obj
c:\users\roka le plus moche\downloads\external_fixed\pastafn external\fn\x64\release\vc142.pdb
c:\users\roka le plus moche\downloads\external_fixed\pastafn external\fn\x64\release\pastafnexternal.tlog\cl.command.1.tlog
c:\users\roka le plus moche\downloads\external_fixed\pastafn external\fn\x64\release\pastafnexternal.tlog\cl.read.1.tlog
c:\users\roka le plus moche\downloads\external_fixed\pastafn external\fn\x64\release\pastafnexternal.tlog\cl.write.1.tlog
c:\users\roka le plus moche\downloads\external_fixed\pastafn external\fn\x64\release\pastafnexternal.tlog\link.command.1.tlog
c:\users\roka le plus moche\downloads\external_fixed\pastafn external\fn\x64\release\pastafnexternal.tlog\link.read.1.tlog
c:\users\roka le plus moche\downloads\external_fixed\pastafn external\fn\x64\release\pastafnexternal.tlog\link.write.1.tlog
c:\users\roka le plus moche\downloads\external_fixed\pastafn external\fn\x64\release\pastafnexternal.tlog\pastafnexternal.write.1u.tlog
